<?xml version="1.0" encoding="UTF-8"?>
<testsuite xmlns:xsi="http://www.w3.org/2001/XMLSchema-instance" xsi:schemaLocation="https://maven.apache.org/surefire/maven-surefire-plugin/xsd/surefire-test-report.xsd" name="com.xwbank.cucumber.CucumberRunner" time="1.336" tests="161" errors="0" skipped="4" failures="0">
  <properties>
    <property name="java.runtime.name" value="Java(TM) SE Runtime Environment"/>
    <property name="java.vm.version" value="11.0.5+10-LTS"/>
    <property name="sun.boot.library.path" value="C:\Program Files\Java\jdk-11.0.5\bin"/>
    <property name="maven.multiModuleProjectDirectory" value="D:\maven\maven-project\cucumber"/>
    <property name="java.vm.vendor" value="Oracle Corporation"/>
    <property name="java.vendor.url" value="http://java.oracle.com/"/>
    <property name="guice.disable.misplaced.annotation.check" value="true"/>
    <property name="path.separator" value=";"/>
    <property name="java.vm.name" value="Java HotSpot(TM) 64-Bit Server VM"/>
    <property name="sun.os.patch.level" value=""/>
    <property name="user.script" value=""/>
    <property name="user.country" value="CN"/>
    <property name="sun.java.launcher" value="SUN_STANDARD"/>
    <property name="java.vm.specification.name" value="Java Virtual Machine Specification"/>
    <property name="user.dir" value="D:\maven\maven-project\cucumber"/>
    <property name="java.vm.compressedOopsMode" value="32-bit"/>
    <property name="java.runtime.version" value="11.0.5+10-LTS"/>
    <property name="java.awt.graphicsenv" value="sun.awt.Win32GraphicsEnvironment"/>
    <property name="os.arch" value="amd64"/>
    <property name="java.io.tmpdir" value="C:\Users\ADMINI~1\AppData\Local\Temp\"/>
    <property name="line.separator" value="&#10;"/>
    <property name="java.vm.specification.vendor" value="Oracle Corporation"/>
    <property name="user.variant" value=""/>
    <property name="os.name" value="Windows 10"/>
    <property name="maven.ext.class.path" value="D:\IntelliJ IDEA 2019.3\plugins\maven\lib\maven-event-listener.jar"/>
    <property name="classworlds.conf" value="D:\maven\apache-maven-3.6.3\bin\m2.conf"/>
    <property name="sun.jnu.encoding" value="GBK"/>
    <property name="java.library.path" value="C:\Program Files\Java\jdk-11.0.5\bin;C:\Windows\Sun\Java\bin;C:\Windows\system32;C:\Windows;C:\Windows\system32;C:\Windows;C:\Windows\System32\Wbem;C:\Windows\System32\WindowsPowerShell\v1.0\;C:\Windows\System32\OpenSSH\;C:\Users\Administrator\AppData\Local\Google\Chrome\Application;C:\Program Files\Java\jdk-11.0.5\bin;C:\Program Files\Java\jdk-11.0.5\jre\bin;D:\maven\apache-maven-3.6.3\bin;C:\Program Files\TortoiseGit\bin;C:\Program Files\Git\cmd;C:\python\Scripts\;C:\python\;C:\Users\Administrator\AppData\Local\Microsoft\WindowsApps;D:\PyCharm 2019.2\bin;;;D:\IntelliJ IDEA 2019.3\bin;;."/>
    <property name="maven.conf" value="D:\maven\apache-maven-3.6.3/conf"/>
    <property name="jdk.debug" value="release"/>
    <property name="java.class.version" value="55.0"/>
    <property name="java.specification.name" value="Java Platform API Specification"/>
    <property name="sun.management.compiler" value="HotSpot 64-Bit Tiered Compilers"/>
    <property name="os.version" value="10.0"/>
    <property name="user.home" value="C:\Users\Administrator"/>
    <property name="user.timezone" value="Asia/Shanghai"/>
    <property name="java.awt.printerjob" value="sun.awt.windows.WPrinterJob"/>
    <property name="file.encoding" value="UTF-8"/>
    <property name="java.specification.version" value="11"/>
    <property name="user.name" value="Administrator"/>
    <property name="java.class.path" value="D:\maven\apache-maven-3.6.3\boot\plexus-classworlds-2.6.0.jar;D:\maven\apache-maven-3.6.3\boot\plexus-classworlds.license"/>
    <property name="java.vm.specification.version" value="11"/>
    <property name="sun.arch.data.model" value="64"/>
    <property name="sun.java.command" value="org.codehaus.classworlds.Launcher -Didea.version2019.3 -s D:\maven\apache-maven-3.6.3\conf\settings.xml test"/>
    <property name="java.home" value="C:\Program Files\Java\jdk-11.0.5"/>
    <property name="user.language" value="zh"/>
    <property name="java.specification.vendor" value="Oracle Corporation"/>
    <property name="awt.toolkit" value="sun.awt.windows.WToolkit"/>
    <property name="java.vm.info" value="mixed mode"/>
    <property name="java.version" value="11.0.5"/>
    <property name="java.vendor" value="Oracle Corporation"/>
    <property name="maven.home" value="D:\maven\apache-maven-3.6.3"/>
    <property name="file.separator" value="\"/>
    <property name="idea.version2019.3" value="true"/>
    <property name="java.version.date" value="2019-10-15"/>
    <property name="java.vendor.url.bug" value="http://bugreport.java.com/bugreport/"/>
    <property name="sun.io.unicode.encoding" value="UnicodeLittle"/>
    <property name="sun.cpu.endian" value="little"/>
    <property name="java.vendor.version" value="18.9"/>
    <property name="sun.desktop" value="windows"/>
    <property name="sun.cpu.isalist" value="amd64"/>
  </properties>
  <testcase name="Given x is 4 and y is 5" classname="Scenario: Calculator" time="0.001"/>
  <testcase name="When invoke add method" classname="Scenario: Calculator" time="0"/>
  <testcase name="Then the result is 9" classname="Scenario: Calculator" time="0"/>
  <testcase name="Scenario: Calculator" classname="Scenario: Calculator" time="0.002"/>
  <testcase name="Given g" classname="Scenario: s1" time="0"/>
  <testcase name="When w" classname="Scenario: s1" time="0"/>
  <testcase name="Then t" classname="Scenario: s1" time="0"/>
  <testcase name="Scenario: s1" classname="Scenario: s1" time="0.003"/>
  <testcase name="Given gg" classname="Scenario: s2" time="0"/>
  <testcase name="When ww" classname="Scenario: s2" time="0"/>
  <testcase name="Then tt" classname="Scenario: s2" time="0"/>
  <testcase name="Scenario: s2" classname="Scenario: s2" time="0.001"/>
  <testcase name="Given ggg" classname="Scenario: s3" time="0"/>
  <testcase name="When www" classname="Scenario: s3" time="0"/>
  <testcase name="Then ttt" classname="Scenario: s3" time="0"/>
  <testcase name="Scenario: s3" classname="Scenario: s3" time="0"/>
  <testcase name="Given the name is &quot;alex&quot; and age is 34" classname="Scenario: arguments test" time="0"/>
  <testcase name="When format the input" classname="Scenario: arguments test" time="0"/>
  <testcase name="Then the format string is &quot;alex-34&quot;" classname="Scenario: arguments test" time="0"/>
  <testcase name="Scenario: arguments test" classname="Scenario: arguments test" time="0"/>
  <testcase name="Given the user account information" classname="Scenario: multiple then keyword" time="0"/>
  <testcase name="Then we can found user &quot;Alex&quot; with password &quot;123456&quot;,phone &quot;1223&quot; exists" classname="Scenario: multiple then keyword" time="0"/>
  <testcase name="Then we can found user &quot;Allen&quot; with password &quot;3323&quot;,phone &quot;23&quot; exists" classname="Scenario: multiple then keyword" time="0"/>
  <testcase name="Then we can found user &quot;Steve&quot; with password &quot;4342&quot;,phone &quot;4342&quot; exists" classname="Scenario: multiple then keyword" time="0"/>
  <testcase name="Scenario: multiple then keyword" classname="Scenario: multiple then keyword" time="0"/>
  <testcase name="Given the user account information" classname="Scenario: Use complex data type" time="0"/>
  <testcase name="Then we veriy following user exists" classname="Scenario: Use complex data type" time="0"/>
  <testcase name="Scenario: Use complex data type" classname="Scenario: Use complex data type" time="0"/>
  <testcase name="假如：给定一个2和3" classname="场景: 中文场景测试" time="0"/>
  <testcase name="当：执行加运算" classname="场景: 中文场景测试" time="0"/>
  <testcase name="那么：结果肯定打死" classname="场景: 中文场景测试" time="0.001"/>
  <testcase name="场景: 中文场景测试" classname="场景: 中文场景测试" time="0.001"/>
  <testcase name="Given alex user open the url or git" classname="Scenario: simple scenario with and but" time="0.002"/>
  <testcase name="And alex user open the url o jenkins" classname="Scenario: simple scenario with and but" time="0"/>
  <testcase name="When alex click build job link" classname="Scenario: simple scenario with and but" time="0"/>
  <testcase name="Then alex the job will started" classname="Scenario: simple scenario with and but" time="0.001"/>
  <testcase name="When alex click the job or link" classname="Scenario: simple scenario with and but" time="0"/>
  <testcase name="And alex choice the job console" classname="Scenario: simple scenario with and but" time="0"/>
  <testcase name="And alex goto the console page" classname="Scenario: simple scenario with and but" time="0"/>
  <testcase name="Then alex the job building log will be print" classname="Scenario: simple scenario with and but" time="0.001"/>
  <testcase name="And alex the last job can see  successfully state" classname="Scenario: simple scenario with and but" time="0.001"/>
  <testcase name="But alex the job will not running at current" classname="Scenario: simple scenario with and but" time="0"/>
  <testcase name="Scenario: simple scenario with and but" classname="Scenario: simple scenario with and but" time="0"/>
  <testcase name="Given x and y value" classname="Scenario: And" time="0"/>
  <testcase name="Given x and y value" classname="Scenario: And" time="0"/>
  <testcase name="And and operation" classname="Scenario: And" time="0"/>
  <testcase name="And and operation" classname="Scenario: And" time="0"/>
  <testcase name="When invoke calculate button" classname="Scenario: And" time="0"/>
  <testcase name="When invoke calculate button" classname="Scenario: And" time="0"/>
  <testcase name="Then the result is x+y" classname="Scenario: And" time="0"/>
  <testcase name="Then the result is x+y" classname="Scenario: And" time="0"/>
  <testcase name="Scenario: And" classname="Scenario: And" time="0"/>
  <testcase name="Scenario: And" classname="Scenario: And" time="0"/>
  <testcase name="Given x and y value" classname="Scenario: Sub" time="0"/>
  <testcase name="Given x and y value" classname="Scenario: Sub" time="0"/>
  <testcase name="And sub operation" classname="Scenario: Sub" time="0"/>
  <testcase name="And sub operation" classname="Scenario: Sub" time="0"/>
  <testcase name="When invoke calculate button" classname="Scenario: Sub" time="0"/>
  <testcase name="When invoke calculate button" classname="Scenario: Sub" time="0"/>
  <testcase name="Then the result is x-y" classname="Scenario: Sub" time="0"/>
  <testcase name="Then the result is x-y" classname="Scenario: Sub" time="0"/>
  <testcase name="Scenario: Sub" classname="Scenario: Sub" time="0"/>
  <testcase name="Scenario: Sub" classname="Scenario: Sub" time="0"/>
  <testcase name="Given user open the url or git" classname="Scenario: simple scenario without And But" time="0"/>
  <testcase name="Given user open the url o jenkins" classname="Scenario: simple scenario without And But" time="0"/>
  <testcase name="When click build job link" classname="Scenario: simple scenario without And But" time="0"/>
  <testcase name="Then the job will started" classname="Scenario: simple scenario without And But" time="0"/>
  <testcase name="When click the job or link" classname="Scenario: simple scenario without And But" time="0"/>
  <testcase name="When choice the job console" classname="Scenario: simple scenario without And But" time="0"/>
  <testcase name="When goto the console page" classname="Scenario: simple scenario without And But" time="0"/>
  <testcase name="Then the job building log will be print" classname="Scenario: simple scenario without And But" time="0"/>
  <testcase name="Then the last job can see  successfully state" classname="Scenario: simple scenario without And But" time="0"/>
  <testcase name="Scenario: simple scenario without And But" classname="Scenario: simple scenario without And But" time="0"/>
  <testcase name="Given open the login page testing scenarios outline" classname="| chenjiapei | 123456 |" time="0"/>
  <testcase name="When use &quot;chenjiapei&quot; with password &quot;123456&quot; testing scenarios outline" classname="| chenjiapei | 123456 |" time="0"/>
  <testcase name="Then the user or password is invalid" classname="| chenjiapei | 123456 |" time="0"/>
  <testcase name="| chenjiapei | 123456 |" classname="| chenjiapei | 123456 |" time="0"/>
  <testcase name="Given open the login page testing scenarios outline" classname="| alex | 654321 |" time="0"/>
  <testcase name="When use &quot;alex&quot; with password &quot;654321&quot; testing scenarios outline" classname="| alex | 654321 |" time="0"/>
  <testcase name="Then the user or password is invalid" classname="| alex | 654321 |" time="0"/>
  <testcase name="| alex | 654321 |" classname="| alex | 654321 |" time="0"/>
  <testcase name="Given open the login page testing scenarios outline" classname="Scenario: " time="0"/>
  <testcase name="When use &quot;alex&quot; with password &quot;123456&quot; testing scenarios outline" classname="Scenario: " time="0"/>
  <testcase name="Then the username and password is right" classname="Scenario: " time="0"/>
  <testcase name="Scenario: " classname="Scenario: " time="0"/>
  <testcase name="Scenario: " classname="Scenario: " time="0"/>
  <testcase name="Given open the login page" classname="Scenario: username is wrong" time="0"/>
  <testcase name="When use &quot;chenjiapei&quot; with password &quot;123456&quot;" classname="Scenario: username is wrong" time="0"/>
  <testcase name="Then the user login failed" classname="Scenario: username is wrong" time="0"/>
  <testcase name="Scenario: username is wrong" classname="Scenario: username is wrong" time="0"/>
  <testcase name="Given open the login page" classname="Scenario: password is wrong" time="0"/>
  <testcase name="When use &quot;alex&quot; with password &quot;434232&quot;" classname="Scenario: password is wrong" time="0"/>
  <testcase name="Then the user login failed" classname="Scenario: password is wrong" time="0"/>
  <testcase name="Scenario: password is wrong" classname="Scenario: password is wrong" time="0"/>
  <testcase name="Given open the login page" classname="Scenario: " time="0"/>
  <testcase name="When use &quot;alex&quot; with password &quot;123456&quot;" classname="Scenario: " time="0"/>
  <testcase name="Then the user login success" classname="Scenario: " time="0"/>
  <testcase name="Given open the db connection pool" classname="Scenario: Data table Compare" time="0"/>
  <testcase name="When insert the batch of data" classname="Scenario: Data table Compare" time="0"/>
  <testcase name="Then validation the data is inserted" classname="Scenario: Data table Compare" time="0"/>
  <testcase name="When Delete the user Allen" classname="Scenario: Data table Compare" time="0"/>
  <testcase name="Then validation the data after deleted" classname="Scenario: Data table Compare" time="0"/>
  <testcase name="Scenario: Data table Compare" classname="Scenario: Data table Compare" time="0.001"/>
  <testcase name="Given the user open the login site" classname="Scenario: transform to raw data" time="0"/>
  <testcase name="When lets validate the following user account and email raw data" classname="Scenario: transform to raw data" time="0"/>
  <testcase name="Scenario: transform to raw data" classname="Scenario: transform to raw data" time="0"/>
  <testcase name="Given the user open the login site" classname="Scenario: transform to user-defined" time="0"/>
  <testcase name="When lets validate the following user account and email user-defined" classname="Scenario: transform to user-defined" time="0"/>
  <testcase name="Scenario: transform to user-defined" classname="Scenario: transform to user-defined" time="0"/>
  <testcase name="Given the user open the login site" classname="Scenario: transform to list-map" time="0.001"/>
  <testcase name="When lets validate the following user account and email list-map" classname="Scenario: transform to list-map" time="0"/>
  <testcase name="Scenario: transform to list-map" classname="Scenario: transform to list-map" time="0"/>
  <testcase name="Given the user open the login site" classname="Scenario: transform to list-list" time="0"/>
  <testcase name="When lets validate the following user account and email list-list" classname="Scenario: transform to list-list" time="0"/>
  <testcase name="Scenario: transform to list-list" classname="Scenario: transform to list-list" time="0.001"/>
  <testcase name="Given x is birth at 2019-05-15" classname="Scenario: Date string" time="0.001"/>
  <testcase name="Scenario: Date string" classname="Scenario: Date string" time="0.001"/>
  <testcase name="Given the number is 1" classname="Scenario: Capture" time="0"/>
  <testcase name="Given the number is 2" classname="Scenario: Capture" time="0"/>
  <testcase name="Given the number is 3" classname="Scenario: Capture" time="0"/>
  <testcase name="Scenario: Capture" classname="Scenario: Capture" time="0"/>
  <testcase name="Given the capture is 1" classname="Scenario: no Capture" time="0"/>
  <testcase name="Given the capture is 2" classname="Scenario: no Capture" time="0"/>
  <testcase name="Given the capture is 3" classname="Scenario: no Capture" time="0"/>
  <testcase name="Scenario: no Capture" classname="Scenario: no Capture" time="0.001"/>
  <testcase name="Given this method will be invalid 1" classname="Scenario: invalid 1" time="0"/>
  <testcase name="Scenario: invalid 1" classname="Scenario: invalid 1" time="0"/>
  <testcase name="Given this method will be invalid 2" classname="Scenario: invalid 2" time="0"/>
  <testcase name="Scenario: invalid 2" classname="Scenario: invalid 2" time="0"/>
  <testcase name="Given the number 1 and number 2" classname="Scenario: cucumber case 1" time="0"/>
  <testcase name="When take the add action" classname="Scenario: cucumber case 1" time="0"/>
  <testcase name="Scenario: cucumber case 1" classname="Scenario: cucumber case 1" time="0"/>
  <testcase name="Given use the below doc strings" classname="Scenario: send the data to kafka" time="0"/>
  <testcase name="When invoke add kafka producer send method" classname="Scenario: send the data to kafka" time="0"/>
  <testcase name="And sleep 1 minute" classname="Scenario: send the data to kafka" time="0"/>
  <testcase name="Then wen can consume the data at topic xxx" classname="Scenario: send the data to kafka" time="0"/>
  <testcase name="Then wen can consume the data at topic xxx111" classname="Scenario: send the data to kafka" time="0">
    <skipped/>
  </testcase>
  <testcase name="Scenario: send the data to kafka" classname="Scenario: send the data to kafka" time="0">
    <skipped/>
    <system-out><![CDATA[==========After==========
]]></system-out>
  </testcase>
  <testcase name="Scenario: send the data to kafka" classname="Scenario: send the data to kafka" time="0.002"/>
  <testcase name="Given open the github home page" classname="Scenario: gongneng-1" time="0"/>
  <testcase name="Scenario: gongneng-1" classname="Scenario: gongneng-1" time="0"/>
  <testcase name="Given open the github home page" classname="Scenario: gongneng-2" time="0"/>
  <testcase name="Scenario: gongneng-2" classname="Scenario: gongneng-2" time="0"/>
  <testcase name="Given open the github home page" classname="Scenario: gongneng-3" time="0"/>
  <testcase name="Scenario: gongneng-3" classname="Scenario: gongneng-3" time="0"/>
  <testcase name="Given this is background" classname="Scenario: gongneng-4" time="0"/>
  <testcase name="Given open the github home page" classname="Scenario: gongneng-4" time="0"/>
  <testcase name="Scenario: gongneng-4" classname="Scenario: gongneng-4" time="0"/>
  <testcase name="Given this is background" classname="Scenario: gongneng-5" time="0"/>
  <testcase name="Given open the github home page" classname="Scenario: gongneng-5" time="0"/>
  <testcase name="Scenario: gongneng-5" classname="Scenario: gongneng-5" time="0"/>
  <testcase name="Given this is background" classname="Scenario: gongneng-6" time="0"/>
  <testcase name="Given open the github home page" classname="Scenario: gongneng-6" time="0"/>
  <testcase name="Scenario: gongneng-6" classname="Scenario: gongneng-6" time="0"/>
  <testcase name="Given No steps use" classname="Scenario: this is a sacanrio run" time="0">
    <skipped/>
    <system-out><![CDATA[
  @alex @v-1.0.1
  Scenario: gongneng-6              &amp#27;[90m# com/xwbank/cucumber/chapter03/tag2.feature:16&amp#27;[0m
    &amp#27;[32mGiven &amp#27;[0m&amp#27;[32mopen the github home page&amp#27;[0m &amp#27;[90m# testTag.testTag()&amp#27;[0m
Feature: test cucumber run dry
]]></system-out>
  </testcase>
  <testcase name="Scenario: this is a sacanrio run" classname="Scenario: this is a sacanrio run" time="0">
    <skipped/>
  </testcase>
  <testcase name="Scenario: this is a sacanrio run" classname="Scenario: this is a sacanrio run" time="0"/>
  <testcase name="Given URl is ok" classname="Scenario: Chinese to English" time="0"/>
  <testcase name="When User enters the URL" classname="Scenario: Chinese to English" time="0"/>
  <testcase name="Then app page loads" classname="Scenario: Chinese to English" time="0"/>
  <testcase name="Scenario: Chinese to English" classname="Scenario: Chinese to English" time="0"/>
</testsuite>